{
  "RSpec": {
    "coverage": {
      "/home/karim/code_zone/hyper/recipes/spec/support/authorize.rb": [
        1,
        8,
        null
      ],
      "/home/karim/code_zone/hyper/recipes/spec/support/attributes.rb": [
        1,
        null,
        null,
        null,
        null,
        12,
        null,
        null,
        1,
        null,
        null,
        null,
        null,
        null,
        null,
        null,
        null,
        6,
        null
      ],
      "/home/karim/code_zone/hyper/recipes/app/controllers/recipes_controller.rb": [
        1,
        1,
        null,
        null,
        null,
        1,
        1,
        1,
        null,
        null,
        null,
        null,
        1,
        1,
        null,
        1,
        null,
        null,
        null,
        null,
        1,
        1,
        null,
        1,
        1,
        null,
        0,
        null,
        null,
        null,
        null,
        null,
        1,
        2,
        null,
        2,
        1,
        null,
        1,
        null,
        null,
        null,
        null,
        null,
        1,
        1,
        1,
        null,
        1,
        null,
        null
      ],
      "/home/karim/code_zone/hyper/recipes/app/controllers/application_controller.rb": [
        1,
        1,
        1,
        null,
        1,
        11,
        8,
        null,
        null,
        null,
        1,
        1,
        16,
        null,
        null
      ],
      "/home/karim/code_zone/hyper/recipes/spec/controllers/user_controller_spec.rb": [
        1,
        null,
        1,
        null,
        1,
        1,
        1,
        1,
        1,
        1,
        null,
        null,
        1,
        1,
        1,
        1,
        1,
        null,
        null,
        1,
        1,
        1,
        1,
        1,
        null,
        null,
        1,
        1,
        1,
        1,
        1,
        1,
        null,
        null,
        1,
        1,
        1,
        1,
        1,
        null,
        null,
        null,
        1,
        1,
        2,
        2,
        null,
        1,
        1,
        null,
        1,
        null,
        null,
        1,
        1,
        null,
        1,
        1,
        null,
        null,
        null,
        null
      ],
      "/home/karim/code_zone/hyper/recipes/app/controllers/users_controller.rb": [
        1,
        1,
        null,
        1,
        5,
        null,
        5,
        1,
        null,
        4,
        null,
        null,
        null,
        1,
        2,
        2,
        1,
        1,
        null,
        1,
        null,
        null,
        null,
        1,
        1,
        2,
        null,
        null
      ],
      "/home/karim/code_zone/hyper/recipes/spec/models/user_spec.rb": [
        1,
        null,
        1,
        null,
        1,
        1,
        1,
        null,
        1,
        1,
        null,
        null,
        null,
        1,
        1,
        1,
        null,
        1,
        1,
        null,
        null,
        null
      ],
      "/home/karim/code_zone/hyper/recipes/app/models/user.rb": [
        1,
        1,
        1,
        1,
        null,
        null,
        1,
        null,
        1,
        1,
        null,
        1,
        1,
        null,
        13,
        13,
        null,
        13,
        null,
        null,
        1,
        13,
        1,
        1,
        15,
        null,
        null,
        null,
        null,
        null,
        null,
        null,
        null,
        null,
        null
      ],
      "/home/karim/code_zone/hyper/recipes/app/models/recipe.rb": [
        1,
        1,
        1,
        1,
        1,
        1,
        null
      ],
      "/home/karim/code_zone/hyper/recipes/app/uploaders/photo_uploader.rb": [
        null,
        null,
        1,
        null,
        null,
        null,
        1,
        null,
        null,
        null,
        null,
        null,
        null,
        1,
        null,
        1,
        null,
        0,
        null,
        null,
        null,
        null,
        1,
        52,
        null,
        null,
        1,
        1,
        null,
        null,
        null,
        null,
        null,
        null,
        null,
        null,
        null,
        null,
        null,
        null,
        null,
        null,
        null,
        null,
        null,
        null,
        null,
        null,
        null,
        null,
        null,
        null,
        null,
        null,
        null,
        null,
        null,
        null,
        null,
        null,
        null,
        null,
        null
      ]
    },
    "timestamp": 1426352858
  }
}
